C51 COMPILER V8.08   MAIN                                                                  06/10/2023 11:43:52 PAGE 1   


C51 COMPILER V8.08, COMPILATION OF MODULE MAIN
OBJECT MODULE PLACED IN main.OBJ
COMPILER INVOKED BY: C:\Keil\C51\BIN\C51.EXE main.c BROWSE DEBUG OBJECTEXTEND

line level    source

   1          #include <REGX52.H>
   2          #include "Delay.h"              //包含Delay头文件
   3          #include "LCD1602.h"    //包含LCD1602头文件
   4          #include "MatrixKey.h"  //包含矩阵键盘头文件
   5          
   6          unsigned char KeyNum;
   7          
   8          void main()
   9          {
  10   1              LCD_Init();                                                     //LCD初始化
  11   1              LCD_ShowString(1,1,"MatrixKey:");       //LCD显示字符串
  12   1              while(1)
  13   1              {
  14   2                      KeyNum=MatrixKey();                             //获取矩阵键盘键码
  15   2                      if(KeyNum)                                              //如果有按键按下
  16   2                      {
  17   3                              LCD_ShowNum(2,1,KeyNum,2);      //LCD显示键码
  18   3                      }
  19   2              }
  20   1      }


MODULE INFORMATION:   STATIC OVERLAYABLE
   CODE SIZE        =     40    ----
   CONSTANT SIZE    =     11    ----
   XDATA SIZE       =   ----    ----
   PDATA SIZE       =   ----    ----
   DATA SIZE        =      1    ----
   IDATA SIZE       =   ----    ----
   BIT SIZE         =   ----    ----
END OF MODULE INFORMATION.


C51 COMPILATION COMPLETE.  0 WARNING(S),  0 ERROR(S)
